2024-08-26 22:20:41,214 - DEBUG  - 1.00: Job 1 is released with routing: ['s2-1', 's5-1', 's3-1', 's1-1'], process_times: [1.064 0.657 0.372 0.579]
2024-08-26 22:20:41,216 - DEBUG  - 2.00: Job 1 is being processed at the workstation s2-1.
2024-08-26 22:20:41,221 - DEBUG  - 3.38: Job 1 is being processed at the workstation s5-1.
2024-08-26 22:20:41,226 - DEBUG  - 5.37: Job 1 is being processed at the workstation s3-1.
2024-08-26 22:20:41,227 - DEBUG  - 5.90: Job 1 is being processed at the workstation s1-1.
2024-08-26 22:20:41,229 - DEBUG  - 6.48: Job 1 finished at workstation s1-1 and is transported to the warehouse output-warehouse
2024-08-26 22:20:41,235 - DEBUG  - 8.00: Job 10 is released with routing: ['s2-1', 's5-2'], process_times: [1.083 1.237]
2024-08-26 22:20:41,237 - DEBUG  - 8.10: Job 10 is being processed at the workstation s2-1.
2024-08-26 22:20:41,245 - DEBUG  - 10.53: Job 10 is being processed at the workstation s5-2.
2024-08-26 22:20:41,248 - DEBUG  - 11.77: Job 10 finished at workstation s5-2 and is transported to the warehouse output-warehouse
2024-08-26 22:20:41,236 - DEBUG  - 8.00: Job 11 is released with routing: ['s1-1', 's3-2', 's2-2', 's5-2', 's4-1'], process_times: [0.517 1.102 1.984 1.177 0.062]
2024-08-26 22:20:41,249 - DEBUG  - 11.86: Job 11 is being processed at the workstation s1-1.
2024-08-26 22:20:41,257 - DEBUG  - 12.63: Job 11 is being processed at the workstation s3-2.
2024-08-26 22:20:41,268 - DEBUG  - 15.25: Job 11 is being processed at the workstation s2-2.
2024-08-26 22:20:41,282 - DEBUG  - 18.75: Job 11 is being processed at the workstation s5-2.
2024-08-26 22:20:41,295 - DEBUG  - 22.27: Job 11 is being processed at the workstation s4-1.
2024-08-26 22:20:41,296 - DEBUG  - 22.33: Job 11 finished at workstation s4-1 and is transported to the warehouse output-warehouse
2024-08-26 22:20:41,251 - DEBUG  - 12.00: Job 12 is released with routing: ['s5-2', 's4-1'], process_times: [0.263 0.5  ]
2024-08-26 22:20:41,256 - DEBUG  - 12.47: Job 12 is being processed at the workstation s5-2.
2024-08-26 22:20:41,264 - DEBUG  - 14.43: Job 12 is being processed at the workstation s4-1.
2024-08-26 22:20:41,267 - DEBUG  - 14.93: Job 12 finished at workstation s4-1 and is transported to the warehouse output-warehouse
2024-08-26 22:20:41,246 - DEBUG  - 10.67: Job 13 is released with routing: ['s3-2', 's1-1', 's2-2'], process_times: [0.363 0.649 0.517]
2024-08-26 22:20:41,247 - DEBUG  - 11.67: Job 13 is being processed at the workstation s3-2.
2024-08-26 22:20:41,258 - DEBUG  - 13.00: Job 13 is being processed at the workstation s1-1.
2024-08-26 22:20:41,262 - DEBUG  - 13.79: Job 13 is being processed at the workstation s2-2.
2024-08-26 22:20:41,263 - DEBUG  - 14.31: Job 13 finished at workstation s2-2 and is transported to the warehouse output-warehouse
2024-08-26 22:20:41,251 - DEBUG  - 12.00: Job 14 is released with routing: ['s5-2', 's4-1'], process_times: [0.781 0.746]
2024-08-26 22:20:41,257 - DEBUG  - 12.74: Job 14 is being processed at the workstation s5-2.
2024-08-26 22:20:41,267 - DEBUG  - 14.93: Job 14 is being processed at the workstation s4-1.
2024-08-26 22:20:41,270 - DEBUG  - 15.67: Job 14 finished at workstation s4-1 and is transported to the warehouse output-warehouse
2024-08-26 22:20:41,252 - DEBUG  - 12.00: Job 15 is released with routing: ['s1-1', 's3-2'], process_times: [1.055 0.929]
2024-08-26 22:20:41,274 - DEBUG  - 16.31: Job 15 is being processed at the workstation s1-1.
2024-08-26 22:20:41,279 - DEBUG  - 18.16: Job 15 is being processed at the workstation s3-2.
2024-08-26 22:20:41,283 - DEBUG  - 19.08: Job 15 finished at workstation s3-2 and is transported to the warehouse output-warehouse
2024-08-26 22:20:41,252 - DEBUG  - 12.00: Job 16 is released with routing: ['s1-1', 's2-2', 's3-2', 's5-1'], process_times: [0.104 0.946 0.373 1.898]
2024-08-26 22:20:41,261 - DEBUG  - 13.65: Job 16 is being processed at the workstation s1-1.
2024-08-26 22:20:41,264 - DEBUG  - 14.31: Job 16 is being processed at the workstation s2-2.
2024-08-26 22:20:41,271 - DEBUG  - 15.78: Job 16 is being processed at the workstation s3-2.
2024-08-26 22:20:41,275 - DEBUG  - 16.80: Job 16 is being processed at the workstation s5-1.
2024-08-26 22:20:41,282 - DEBUG  - 18.70: Job 16 finished at workstation s5-1 and is transported to the warehouse output-warehouse
2024-08-26 22:20:41,253 - DEBUG  - 12.00: Job 17 is released with routing: ['s1-1', 's5-1'], process_times: [0.691 2.143]
2024-08-26 22:20:41,262 - DEBUG  - 13.75: Job 17 is being processed at the workstation s1-1.
2024-08-26 22:20:41,267 - DEBUG  - 14.66: Job 17 is being processed at the workstation s5-1.
2024-08-26 22:20:41,274 - DEBUG  - 16.80: Job 17 finished at workstation s5-1 and is transported to the warehouse output-warehouse
2024-08-26 22:20:41,253 - DEBUG  - 12.00: Job 18 is released with routing: ['s3-2', 's2-2'], process_times: [0.716 0.854]
2024-08-26 22:20:41,265 - DEBUG  - 14.51: Job 18 is being processed at the workstation s3-2.
2024-08-26 22:20:41,277 - DEBUG  - 17.50: Job 18 is being processed at the workstation s2-2.
2024-08-26 22:20:41,279 - DEBUG  - 18.35: Job 18 finished at workstation s2-2 and is transported to the warehouse output-warehouse
2024-08-26 22:20:41,253 - DEBUG  - 12.00: Job 19 is released with routing: ['s2-2', 's5-1', 's3-2', 's4-1', 's1-1'], process_times: [0.633 1.147 0.554 0.402 0.642]
2024-08-26 22:20:41,254 - DEBUG  - 12.16: Job 19 is being processed at the workstation s2-2.
2024-08-26 22:20:41,260 - DEBUG  - 13.51: Job 19 is being processed at the workstation s5-1.
2024-08-26 22:20:41,268 - DEBUG  - 15.23: Job 19 is being processed at the workstation s3-2.
2024-08-26 22:20:41,271 - DEBUG  - 15.99: Job 19 is being processed at the workstation s4-1.
2024-08-26 22:20:41,291 - DEBUG  - 21.01: Job 19 is being processed at the workstation s1-1.
2024-08-26 22:20:41,292 - DEBUG  - 21.65: Job 19 finished at workstation s1-1 and is transported to the warehouse output-warehouse
2024-08-26 22:20:41,216 - DEBUG  - 1.00: Job 2 is released with routing: ['s5-2', 's3-1', 's1-1'], process_times: [0.353 0.845 0.358]
2024-08-26 22:20:41,217 - DEBUG  - 2.00: Job 2 is being processed at the workstation s5-2.
2024-08-26 22:20:41,219 - DEBUG  - 3.00: Job 2 is being processed at the workstation s3-1.
2024-08-26 22:20:41,222 - DEBUG  - 4.00: Job 2 is being processed at the workstation s1-1.
2024-08-26 22:20:41,223 - DEBUG  - 4.36: Job 2 finished at workstation s1-1 and is transported to the warehouse output-warehouse
2024-08-26 22:20:41,254 - DEBUG  - 12.00: Job 20 is released with routing: ['s3-2', 's5-1'], process_times: [0.78  0.866]
2024-08-26 22:20:41,261 - DEBUG  - 13.73: Job 20 is being processed at the workstation s3-2.
2024-08-26 22:20:41,282 - DEBUG  - 18.70: Job 20 is being processed at the workstation s5-1.
2024-08-26 22:20:41,284 - DEBUG  - 19.57: Job 20 finished at workstation s5-1 and is transported to the warehouse output-warehouse
2024-08-26 22:20:41,272 - DEBUG  - 16.00: Job 21 is released with routing: ['s1-1', 's4-1', 's5-2', 's2-1'], process_times: [0.639 2.598 0.599 1.543]
2024-08-26 22:20:41,276 - DEBUG  - 17.36: Job 21 is being processed at the workstation s1-1.
2024-08-26 22:20:41,285 - DEBUG  - 19.67: Job 21 is being processed at the workstation s4-1.
2024-08-26 22:20:41,298 - DEBUG  - 22.96: Job 21 is being processed at the workstation s5-2.
2024-08-26 22:20:41,304 - DEBUG  - 24.24: Job 21 is being processed at the workstation s2-1.
2024-08-26 22:20:41,306 - DEBUG  - 25.78: Job 21 finished at workstation s2-1 and is transported to the warehouse output-warehouse
2024-08-26 22:20:41,313 - DEBUG  - 28.00: Job 22 is released with routing: ['s1-1', 's2-1'], process_times: [1.929 1.636]
2024-08-26 22:20:41,315 - DEBUG  - 28.21: Job 22 is being processed at the workstation s1-1.
2024-08-26 22:20:41,320 - DEBUG  - 30.95: Job 22 is being processed at the workstation s2-1.
2024-08-26 22:20:41,324 - DEBUG  - 32.58: Job 22 finished at workstation s2-1 and is transported to the warehouse output-warehouse
2024-08-26 22:20:41,265 - DEBUG  - 14.58: Job 23 is released with routing: ['s2-1', 's3-1'], process_times: [2.367 0.464]
2024-08-26 22:20:41,270 - DEBUG  - 15.58: Job 23 is being processed at the workstation s2-1.
2024-08-26 22:20:41,278 - DEBUG  - 18.06: Job 23 is being processed at the workstation s3-1.
2024-08-26 22:20:41,280 - DEBUG  - 18.52: Job 23 finished at workstation s3-1 and is transported to the warehouse output-warehouse
2024-08-26 22:20:41,263 - DEBUG  - 14.02: Job 24 is released with routing: ['s5-2', 's1-1'], process_times: [1.581 0.966]
2024-08-26 22:20:41,267 - DEBUG  - 15.02: Job 24 is being processed at the workstation s5-2.
2024-08-26 22:20:41,298 - DEBUG  - 22.75: Job 24 is being processed at the workstation s1-1.
2024-08-26 22:20:41,300 - DEBUG  - 23.72: Job 24 finished at workstation s1-1 and is transported to the warehouse output-warehouse
2024-08-26 22:20:41,302 - DEBUG  - 24.00: Job 25 is released with routing: ['s1-1', 's5-1', 's4-1', 's3-1'], process_times: [1.272 0.849 1.426 1.437]
2024-08-26 22:20:41,306 - DEBUG  - 24.69: Job 25 is being processed at the workstation s1-1.
2024-08-26 22:20:41,308 - DEBUG  - 26.35: Job 25 is being processed at the workstation s5-1.
2024-08-26 22:20:41,313 - DEBUG  - 27.99: Job 25 is being processed at the workstation s4-1.
2024-08-26 22:20:41,318 - DEBUG  - 29.54: Job 25 is being processed at the workstation s3-1.
2024-08-26 22:20:41,320 - DEBUG  - 30.98: Job 25 finished at workstation s3-1 and is transported to the warehouse output-warehouse
2024-08-26 22:20:41,269 - DEBUG  - 15.43: Job 26 is released with routing: ['s3-1', 's2-1', 's5-2'], process_times: [1.629 0.812 1.03 ]
2024-08-26 22:20:41,274 - DEBUG  - 16.43: Job 26 is being processed at the workstation s3-1.
2024-08-26 22:20:41,285 - DEBUG  - 19.64: Job 26 is being processed at the workstation s2-1.
2024-08-26 22:20:41,289 - DEBUG  - 20.93: Job 26 is being processed at the workstation s5-2.
2024-08-26 22:20:41,293 - DEBUG  - 21.96: Job 26 finished at workstation s5-2 and is transported to the warehouse output-warehouse
2024-08-26 22:20:41,273 - DEBUG  - 16.00: Job 27 is released with routing: ['s5-2', 's4-1', 's2-1'], process_times: [2.148 0.933 1.165]
2024-08-26 22:20:41,274 - DEBUG  - 16.60: Job 27 is being processed at the workstation s5-2.
2024-08-26 22:20:41,299 - DEBUG  - 23.36: Job 27 is being processed at the workstation s4-1.
2024-08-26 22:20:41,306 - DEBUG  - 25.78: Job 27 is being processed at the workstation s2-1.
2024-08-26 22:20:41,310 - DEBUG  - 26.95: Job 27 finished at workstation s2-1 and is transported to the warehouse output-warehouse
2024-08-26 22:20:41,277 - DEBUG  - 17.94: Job 28 is released with routing: ['s2-1', 's3-1', 's1-1', 's4-1', 's5-1'], process_times: [0.692 1.888 0.742 0.584 1.3  ]
2024-08-26 22:20:41,283 - DEBUG  - 18.94: Job 28 is being processed at the workstation s2-1.
2024-08-26 22:20:41,289 - DEBUG  - 20.62: Job 28 is being processed at the workstation s3-1.
2024-08-26 22:20:41,307 - DEBUG  - 25.96: Job 28 is being processed at the workstation s1-1.
2024-08-26 22:20:41,311 - DEBUG  - 27.40: Job 28 is being processed at the workstation s4-1.
2024-08-26 22:20:41,315 - DEBUG  - 28.20: Job 28 is being processed at the workstation s5-1.
2024-08-26 22:20:41,317 - DEBUG  - 29.50: Job 28 finished at workstation s5-1 and is transported to the warehouse output-warehouse
2024-08-26 22:20:41,275 - DEBUG  - 17.16: Job 29 is released with routing: ['s3-2', 's4-1', 's5-2', 's1-1'], process_times: [1.276 0.572 0.72  0.079]
2024-08-26 22:20:41,283 - DEBUG  - 19.08: Job 29 is being processed at the workstation s3-2.
2024-08-26 22:20:41,307 - DEBUG  - 25.80: Job 29 is being processed at the workstation s4-1.
2024-08-26 22:20:41,309 - DEBUG  - 26.64: Job 29 is being processed at the workstation s5-2.
2024-08-26 22:20:41,320 - DEBUG  - 31.56: Job 29 is being processed at the workstation s1-1.
2024-08-26 22:20:41,322 - DEBUG  - 31.64: Job 29 finished at workstation s1-1 and is transported to the warehouse output-warehouse
2024-08-26 22:20:41,219 - DEBUG  - 3.00: Job 3 is released with routing: ['s1-1', 's2-2', 's5-1'], process_times: [0.542 0.057 1.955]
2024-08-26 22:20:41,223 - DEBUG  - 4.36: Job 3 is being processed at the workstation s1-1.
2024-08-26 22:20:41,230 - DEBUG  - 6.72: Job 3 is being processed at the workstation s2-2.
2024-08-26 22:20:41,238 - DEBUG  - 8.54: Job 3 is being processed at the workstation s5-1.
2024-08-26 22:20:41,244 - DEBUG  - 10.49: Job 3 finished at workstation s5-1 and is transported to the warehouse output-warehouse
2024-08-26 22:20:41,279 - DEBUG  - 18.35: Job 30 is released with routing: ['s2-2', 's1-1'], process_times: [0.615 0.492]
2024-08-26 22:20:41,283 - DEBUG  - 19.35: Job 30 is being processed at the workstation s2-2.
2024-08-26 22:20:41,295 - DEBUG  - 22.26: Job 30 is being processed at the workstation s1-1.
2024-08-26 22:20:41,296 - DEBUG  - 22.75: Job 30 finished at workstation s1-1 and is transported to the warehouse output-warehouse
2024-08-26 22:20:41,286 - DEBUG  - 19.97: Job 31 is released with routing: ['s2-2', 's5-2', 's3-2'], process_times: [0.195 2.665 0.919]
2024-08-26 22:20:41,294 - DEBUG  - 21.99: Job 31 is being processed at the workstation s2-2.
2024-08-26 22:20:41,301 - DEBUG  - 23.97: Job 31 is being processed at the workstation s5-2.
2024-08-26 22:20:41,312 - DEBUG  - 27.42: Job 31 is being processed at the workstation s3-2.
2024-08-26 22:20:41,316 - DEBUG  - 28.33: Job 31 finished at workstation s3-2 and is transported to the warehouse output-warehouse
2024-08-26 22:20:41,280 - DEBUG  - 18.52: Job 32 is released with routing: ['s3-1', 's1-1'], process_times: [1.096 1.506]
2024-08-26 22:20:41,284 - DEBUG  - 19.52: Job 32 is being processed at the workstation s3-1.
2024-08-26 22:20:41,309 - DEBUG  - 26.71: Job 32 is being processed at the workstation s1-1.
2024-08-26 22:20:41,315 - DEBUG  - 28.21: Job 32 finished at workstation s1-1 and is transported to the warehouse output-warehouse
2024-08-26 22:20:41,313 - DEBUG  - 28.00: Job 33 is released with routing: ['s1-1', 's2-1'], process_times: [1.422 0.869]
2024-08-26 22:20:41,319 - DEBUG  - 30.14: Job 33 is being processed at the workstation s1-1.
2024-08-26 22:20:41,325 - DEBUG  - 32.58: Job 33 is being processed at the workstation s2-1.
2024-08-26 22:20:41,326 - DEBUG  - 33.45: Job 33 finished at workstation s2-1 and is transported to the warehouse output-warehouse
2024-08-26 22:20:41,288 - DEBUG  - 20.00: Job 34 is released with routing: ['s2-2', 's1-1'], process_times: [1.019 0.974]
2024-08-26 22:20:41,289 - DEBUG  - 20.97: Job 34 is being processed at the workstation s2-2.
2024-08-26 22:20:41,300 - DEBUG  - 23.72: Job 34 is being processed at the workstation s1-1.
2024-08-26 22:20:41,305 - DEBUG  - 24.69: Job 34 finished at workstation s1-1 and is transported to the warehouse output-warehouse
2024-08-26 22:20:41,302 - DEBUG  - 24.00: Job 35 is released with routing: ['s4-1', 's5-1', 's3-1'], process_times: [1.506 0.049 1.034]
2024-08-26 22:20:41,305 - DEBUG  - 24.29: Job 35 is being processed at the workstation s4-1.
2024-08-26 22:20:41,307 - DEBUG  - 26.30: Job 35 is being processed at the workstation s5-1.
2024-08-26 22:20:41,309 - DEBUG  - 26.51: Job 35 is being processed at the workstation s3-1.
2024-08-26 22:20:41,312 - DEBUG  - 27.54: Job 35 finished at workstation s3-1 and is transported to the warehouse output-warehouse
2024-08-26 22:20:41,284 - DEBUG  - 19.57: Job 36 is released with routing: ['s5-1', 's4-1'], process_times: [1.734 0.668]
2024-08-26 22:20:41,289 - DEBUG  - 20.57: Job 36 is being processed at the workstation s5-1.
2024-08-26 22:20:41,317 - DEBUG  - 29.41: Job 36 is being processed at the workstation s4-1.
2024-08-26 22:20:41,318 - DEBUG  - 30.08: Job 36 finished at workstation s4-1 and is transported to the warehouse output-warehouse
2024-08-26 22:20:41,303 - DEBUG  - 24.00: Job 37 is released with routing: ['s4-1', 's5-1', 's2-2', 's3-1'], process_times: [1.029 0.903 2.037 1.032]
2024-08-26 22:20:41,308 - DEBUG  - 26.37: Job 37 is being processed at the workstation s4-1.
2024-08-26 22:20:41,318 - DEBUG  - 29.50: Job 37 is being processed at the workstation s5-1.
2024-08-26 22:20:41,320 - DEBUG  - 31.30: Job 37 is being processed at the workstation s2-2.
2024-08-26 22:20:41,327 - DEBUG  - 33.57: Job 37 is being processed at the workstation s3-1.
2024-08-26 22:20:41,328 - DEBUG  - 34.60: Job 37 finished at workstation s3-1 and is transported to the warehouse output-warehouse
2024-08-26 22:20:41,314 - DEBUG  - 28.00: Job 38 is released with routing: ['s4-1', 's3-1', 's5-2', 's2-1', 's1-1'], process_times: [1.624 0.592 1.921 1.279 0.263]
2024-08-26 22:20:41,319 - DEBUG  - 30.08: Job 38 is being processed at the workstation s4-1.
2024-08-26 22:20:41,323 - DEBUG  - 31.98: Job 38 is being processed at the workstation s3-1.
2024-08-26 22:20:41,326 - DEBUG  - 33.09: Job 38 is being processed at the workstation s5-2.
2024-08-26 22:20:41,328 - DEBUG  - 35.45: Job 38 is being processed at the workstation s2-1.
2024-08-26 22:20:41,331 - DEBUG  - 37.55: Job 38 is being processed at the workstation s1-1.
2024-08-26 22:20:41,331 - DEBUG  - 37.81: Job 38 finished at workstation s1-1 and is transported to the warehouse output-warehouse
2024-08-26 22:20:41,292 - DEBUG  - 21.45: Job 39 is released with routing: ['s2-1', 's5-2', 's4-1', 's1-1', 's3-2'], process_times: [0.789 0.728 1.731 2.441 4.   ]
2024-08-26 22:20:41,296 - DEBUG  - 22.45: Job 39 is being processed at the workstation s2-1.
2024-08-26 22:20:41,310 - DEBUG  - 27.36: Job 39 is being processed at the workstation s5-2.
2024-08-26 22:20:41,322 - DEBUG  - 31.70: Job 39 is being processed at the workstation s4-1.
2024-08-26 22:20:41,327 - DEBUG  - 34.11: Job 39 is being processed at the workstation s1-1.
2024-08-26 22:20:41,330 - DEBUG  - 37.33: Job 39 is being processed at the workstation s3-2.
2024-08-26 22:20:41,333 - DEBUG  - 41.33: Job 39 finished at workstation s3-2 and is transported to the warehouse output-warehouse
2024-08-26 22:20:41,218 - DEBUG  - 2.75: Job 4 is released with routing: ['s4-1', 's3-2'], process_times: [0.609 1.47 ]
2024-08-26 22:20:41,222 - DEBUG  - 3.75: Job 4 is being processed at the workstation s4-1.
2024-08-26 22:20:41,224 - DEBUG  - 4.78: Job 4 is being processed at the workstation s3-2.
2024-08-26 22:20:41,228 - DEBUG  - 6.25: Job 4 finished at workstation s3-2 and is transported to the warehouse output-warehouse
2024-08-26 22:20:41,322 - DEBUG  - 31.64: Job 40 is released with routing: ['s1-1', 's4-1'], process_times: [1.466 0.65 ]
2024-08-26 22:20:41,325 - DEBUG  - 32.64: Job 40 is being processed at the workstation s1-1.
2024-08-26 22:20:41,328 - DEBUG  - 34.43: Job 40 is being processed at the workstation s4-1.
2024-08-26 22:20:41,328 - DEBUG  - 35.08: Job 40 finished at workstation s4-1 and is transported to the warehouse output-warehouse
2024-08-26 22:20:41,224 - DEBUG  - 4.90: Job 5 is released with routing: ['s1-1', 's3-2', 's5-1'], process_times: [1.04  0.718 0.267]
2024-08-26 22:20:41,232 - DEBUG  - 7.31: Job 5 is being processed at the workstation s1-1.
2024-08-26 22:20:41,239 - DEBUG  - 8.80: Job 5 is being processed at the workstation s3-2.
2024-08-26 22:20:41,244 - DEBUG  - 10.49: Job 5 is being processed at the workstation s5-1.
2024-08-26 22:20:41,246 - DEBUG  - 10.76: Job 5 finished at workstation s5-1 and is transported to the warehouse output-warehouse
2024-08-26 22:20:41,226 - DEBUG  - 5.35: Job 6 is released with routing: ['s5-2', 's3-2', 's2-1', 's1-1'], process_times: [2.611 1.155 0.549 0.618]
2024-08-26 22:20:41,229 - DEBUG  - 6.35: Job 6 is being processed at the workstation s5-2.
2024-08-26 22:20:41,241 - DEBUG  - 9.52: Job 6 is being processed at the workstation s3-2.
2024-08-26 22:20:41,247 - DEBUG  - 11.70: Job 6 is being processed at the workstation s2-1.
2024-08-26 22:20:41,256 - DEBUG  - 12.38: Job 6 is being processed at the workstation s1-1.
2024-08-26 22:20:41,258 - DEBUG  - 13.00: Job 6 finished at workstation s1-1 and is transported to the warehouse output-warehouse
2024-08-26 22:20:41,230 - DEBUG  - 6.78: Job 7 is released with routing: ['s2-1', 's5-2'], process_times: [0.892 1.087]
2024-08-26 22:20:41,231 - DEBUG  - 7.06: Job 7 is being processed at the workstation s2-1.
2024-08-26 22:20:41,240 - DEBUG  - 8.96: Job 7 is being processed at the workstation s5-2.
2024-08-26 22:20:41,242 - DEBUG  - 10.05: Job 7 finished at workstation s5-2 and is transported to the warehouse output-warehouse
2024-08-26 22:20:41,232 - DEBUG  - 7.67: Job 8 is released with routing: ['s3-1', 's5-2', 's2-2', 's4-1', 's1-1'], process_times: [1.124 0.506 0.26  1.279 1.223]
2024-08-26 22:20:41,239 - DEBUG  - 8.67: Job 8 is being processed at the workstation s3-1.
2024-08-26 22:20:41,260 - DEBUG  - 13.52: Job 8 is being processed at the workstation s5-2.
2024-08-26 22:20:41,276 - DEBUG  - 17.24: Job 8 is being processed at the workstation s2-2.
2024-08-26 22:20:41,280 - DEBUG  - 18.40: Job 8 is being processed at the workstation s4-1.
2024-08-26 22:20:41,286 - DEBUG  - 19.79: Job 8 is being processed at the workstation s1-1.
2024-08-26 22:20:41,291 - DEBUG  - 21.01: Job 8 finished at workstation s1-1 and is transported to the warehouse output-warehouse
2024-08-26 22:20:41,233 - DEBUG  - 7.78: Job 9 is released with routing: ['s2-2', 's4-1', 's5-2', 's1-1'], process_times: [0.381 0.704 0.707 1.206]
2024-08-26 22:20:41,239 - DEBUG  - 8.78: Job 9 is being processed at the workstation s2-2.
2024-08-26 22:20:41,243 - DEBUG  - 10.12: Job 9 is being processed at the workstation s4-1.
2024-08-26 22:20:41,248 - DEBUG  - 11.77: Job 9 is being processed at the workstation s5-2.
2024-08-26 22:20:41,265 - DEBUG  - 14.44: Job 9 is being processed at the workstation s1-1.
2024-08-26 22:20:41,270 - DEBUG  - 15.65: Job 9 finished at workstation s1-1 and is transported to the warehouse output-warehouse
2024-08-26 22:20:41,215 - DEBUG  - 1.00: Job u1 is released with routing: ['s4-1', 's3-1', 's2-2', 's1-1'], process_times: [0.751 1.52  0.686 0.826]
2024-08-26 22:20:41,216 - DEBUG  - 2.00: Job u1 is being processed at the workstation s4-1.
2024-08-26 22:20:41,222 - DEBUG  - 3.85: Job u1 is being processed at the workstation s3-1.
2024-08-26 22:20:41,227 - DEBUG  - 5.55: Job u1 is being processed at the workstation s2-2.
2024-08-26 22:20:41,229 - DEBUG  - 6.48: Job u1 is being processed at the workstation s1-1.
2024-08-26 22:20:41,231 - DEBUG  - 7.31: Job u1 finished at workstation s1-1 and is transported to the warehouse output-warehouse
2024-08-26 22:20:41,250 - DEBUG  - 12.00: Job u10 is released with routing: ['s1-1', 's3-2', 's4-1', 's5-2', 's2-2'], process_times: [1.786 0.625 1.028 0.416 1.115]
2024-08-26 22:20:41,278 - DEBUG  - 18.00: Job u10 is being processed at the workstation s1-1.
2024-08-26 22:20:41,288 - DEBUG  - 20.36: Job u10 is being processed at the workstation s3-2.
2024-08-26 22:20:41,296 - DEBUG  - 22.33: Job u10 is being processed at the workstation s4-1.
2024-08-26 22:20:41,300 - DEBUG  - 23.56: Job u10 is being processed at the workstation s5-2.
2024-08-26 22:20:41,304 - DEBUG  - 24.18: Job u10 is being processed at the workstation s2-2.
2024-08-26 22:20:41,306 - DEBUG  - 25.30: Job u10 finished at workstation s2-2 and is transported to the warehouse output-warehouse
2024-08-26 22:20:41,215 - DEBUG  - 1.00: Job u2 is released with routing: ['s5-1', 's2-2', 's4-1'], process_times: [0.379 0.553 0.749]
2024-08-26 22:20:41,217 - DEBUG  - 2.00: Job u2 is being processed at the workstation s5-1.
2024-08-26 22:20:41,219 - DEBUG  - 3.00: Job u2 is being processed at the workstation s2-2.
2024-08-26 22:20:41,223 - DEBUG  - 4.36: Job u2 is being processed at the workstation s4-1.
2024-08-26 22:20:41,224 - DEBUG  - 5.11: Job u2 finished at workstation s4-1 and is transported to the warehouse output-warehouse
2024-08-26 22:20:41,219 - DEBUG  - 3.00: Job u3 is released with routing: ['s3-2', 's2-2', 's5-1', 's1-1'], process_times: [0.782 0.481 0.832 3.199]
2024-08-26 22:20:41,223 - DEBUG  - 4.00: Job u3 is being processed at the workstation s3-2.
2024-08-26 22:20:41,228 - DEBUG  - 6.24: Job u3 is being processed at the workstation s2-2.
2024-08-26 22:20:41,233 - DEBUG  - 7.71: Job u3 is being processed at the workstation s5-1.
2024-08-26 22:20:41,238 - DEBUG  - 8.66: Job u3 is being processed at the workstation s1-1.
2024-08-26 22:20:41,248 - DEBUG  - 11.86: Job u3 finished at workstation s1-1 and is transported to the warehouse output-warehouse
2024-08-26 22:20:41,227 - DEBUG  - 5.74: Job u4 is released with routing: ['s3-1', 's5-1', 's2-1', 's1-1'], process_times: [0.935 1.752 0.326 0.659]
2024-08-26 22:20:41,230 - DEBUG  - 6.74: Job u4 is being processed at the workstation s3-1.
2024-08-26 22:20:41,246 - DEBUG  - 10.76: Job u4 is being processed at the workstation s5-1.
2024-08-26 22:20:41,258 - DEBUG  - 13.25: Job u4 is being processed at the workstation s2-1.
2024-08-26 22:20:41,270 - DEBUG  - 15.65: Job u4 is being processed at the workstation s1-1.
2024-08-26 22:20:41,273 - DEBUG  - 16.31: Job u4 finished at workstation s1-1 and is transported to the warehouse output-warehouse
2024-08-26 22:20:41,224 - DEBUG  - 5.04: Job u5 is released with routing: ['s5-1', 's3-2', 's2-1', 's1-1', 's4-1'], process_times: [0.671 0.548 0.147 0.319 0.488]
2024-08-26 22:20:41,228 - DEBUG  - 6.04: Job u5 is being processed at the workstation s5-1.
2024-08-26 22:20:41,231 - DEBUG  - 7.25: Job u5 is being processed at the workstation s3-2.
2024-08-26 22:20:41,234 - DEBUG  - 7.96: Job u5 is being processed at the workstation s2-1.
2024-08-26 22:20:41,237 - DEBUG  - 8.35: Job u5 is being processed at the workstation s1-1.
2024-08-26 22:20:41,241 - DEBUG  - 9.64: Job u5 is being processed at the workstation s4-1.
2024-08-26 22:20:41,242 - DEBUG  - 10.12: Job u5 finished at workstation s4-1 and is transported to the warehouse output-warehouse
2024-08-26 22:20:41,231 - DEBUG  - 7.11: Job u6 is released with routing: ['s4-1', 's5-2'], process_times: [1.527 0.478]
2024-08-26 22:20:41,237 - DEBUG  - 8.11: Job u6 is being processed at the workstation s4-1.
2024-08-26 22:20:41,242 - DEBUG  - 10.05: Job u6 is being processed at the workstation s5-2.
2024-08-26 22:20:41,244 - DEBUG  - 10.53: Job u6 finished at workstation s5-2 and is transported to the warehouse output-warehouse
2024-08-26 22:20:41,242 - DEBUG  - 9.80: Job u7 is released with routing: ['s3-1', 's4-1'], process_times: [2.633 0.321]
2024-08-26 22:20:41,246 - DEBUG  - 10.80: Job u7 is being processed at the workstation s3-1.
2024-08-26 22:20:41,271 - DEBUG  - 15.67: Job u7 is being processed at the workstation s4-1.
2024-08-26 22:20:41,271 - DEBUG  - 15.99: Job u7 finished at workstation s4-1 and is transported to the warehouse output-warehouse
2024-08-26 22:20:41,247 - DEBUG  - 10.83: Job u8 is released with routing: ['s4-1', 's3-2'], process_times: [0.111 0.595]
2024-08-26 22:20:41,248 - DEBUG  - 11.83: Job u8 is being processed at the workstation s4-1.
2024-08-26 22:20:41,254 - DEBUG  - 12.04: Job u8 is being processed at the workstation s3-2.
2024-08-26 22:20:41,257 - DEBUG  - 12.63: Job u8 finished at workstation s3-2 and is transported to the warehouse output-warehouse
2024-08-26 22:20:41,243 - DEBUG  - 10.16: Job u9 is released with routing: ['s2-1', 's4-1', 's1-1', 's3-2'], process_times: [1.517 2.487 0.608 0.429]
2024-08-26 22:20:41,243 - DEBUG  - 10.18: Job u9 is being processed at the workstation s2-1.
2024-08-26 22:20:41,249 - DEBUG  - 11.94: Job u9 is being processed at the workstation s4-1.
2024-08-26 22:20:41,292 - DEBUG  - 21.65: Job u9 is being processed at the workstation s1-1.
2024-08-26 22:20:41,298 - DEBUG  - 22.99: Job u9 is being processed at the workstation s3-2.
2024-08-26 22:20:41,299 - DEBUG  - 23.42: Job u9 finished at workstation s3-2 and is transported to the warehouse output-warehouse
2024-08-26 22:20:41,198 - INFO  - Create Workstation(id=s1-1, idle=True, current_load=0.000, queue_length=0)
2024-08-26 22:20:41,198 - INFO  - Create Workstation(id=s2-1, idle=True, current_load=0.000, queue_length=0)
2024-08-26 22:20:41,198 - INFO  - Create Workstation(id=s2-2, idle=True, current_load=0.000, queue_length=0)
2024-08-26 22:20:41,198 - INFO  - Create Workstation(id=s3-1, idle=True, current_load=0.000, queue_length=0)
2024-08-26 22:20:41,198 - INFO  - Create Workstation(id=s3-2, idle=True, current_load=0.000, queue_length=0)
2024-08-26 22:20:41,198 - INFO  - Create Workstation(id=s4-1, idle=True, current_load=0.000, queue_length=0)
2024-08-26 22:20:41,198 - INFO  - Create Workstation(id=s5-1, idle=True, current_load=0.000, queue_length=0)
2024-08-26 22:20:41,198 - INFO  - Create Workstation(id=s5-2, idle=True, current_load=0.000, queue_length=0)
2024-08-26 22:20:41,198 - INFO  - Create MyWarehouse(id=output-warehouse, items=[])
2024-08-26 22:20:41,201 - INFO  - Create Job(id=1, routing=['s2', 's5', 's3', 's1'], process_times=[1.064 0.657 0.372 0.579], arrival_time=0.038, due_date=11.320, PST=8.647620112646186)
2024-08-26 22:20:41,201 - INFO  - Create Job(id=2, routing=['s5', 's3', 's1'], process_times=[0.353 0.845 0.358], arrival_time=0.262, due_date=8.650, PST=7.093329519558079)
2024-08-26 22:20:41,201 - INFO  - Create Job(id=3, routing=['s1', 's2', 's5'], process_times=[0.542 0.057 1.955], arrival_time=2.446, due_date=14.042, PST=11.487675505586765)
2024-08-26 22:20:41,202 - INFO  - Create Job(id=4, routing=['s4', 's3'], process_times=[0.609 1.47 ], arrival_time=2.569, due_date=11.603, PST=9.524365570373519)
2024-08-26 22:20:41,202 - INFO  - Create Job(id=5, routing=['s1', 's3', 's5'], process_times=[1.04  0.718 0.267], arrival_time=4.262, due_date=14.924, PST=12.89840911790711)
2024-08-26 22:20:41,202 - INFO  - Create Job(id=6, routing=['s5', 's3', 's2', 's1'], process_times=[2.611 1.155 0.549 0.618], arrival_time=4.379, due_date=14.390, PST=9.457288026028326)
2024-08-26 22:20:41,202 - INFO  - Create Job(id=7, routing=['s2', 's5'], process_times=[0.892 1.087], arrival_time=6.069, due_date=16.303, PST=14.324322451022194)
2024-08-26 22:20:41,203 - INFO  - Create Job(id=8, routing=['s3', 's5', 's2', 's4', 's1'], process_times=[1.124 0.506 0.26  1.279 1.223], arrival_time=6.603, due_date=19.849, PST=15.457652319971293)
2024-08-26 22:20:41,203 - INFO  - Create Job(id=9, routing=['s2', 's4', 's5', 's1'], process_times=[0.381 0.704 0.707 1.206], arrival_time=7.204, due_date=17.901, PST=14.902974233048914)
2024-08-26 22:20:41,204 - INFO  - Create Job(id=10, routing=['s2', 's5'], process_times=[1.083 1.237], arrival_time=7.276, due_date=16.879, PST=14.558683234303814)
2024-08-26 22:20:41,204 - INFO  - Create Job(id=11, routing=['s1', 's3', 's2', 's5', 's4'], process_times=[0.517 1.102 1.984 1.177 0.062], arrival_time=7.739, due_date=19.668, PST=14.826305148884538)
2024-08-26 22:20:41,204 - INFO  - Create Job(id=12, routing=['s5', 's4'], process_times=[0.263 0.5  ], arrival_time=8.074, due_date=14.163, PST=13.398882738942142)
2024-08-26 22:20:41,204 - INFO  - Create Job(id=13, routing=['s3', 's1', 's2'], process_times=[0.363 0.649 0.517], arrival_time=8.109, due_date=16.031, PST=14.501901329202783)
2024-08-26 22:20:41,204 - INFO  - Create Job(id=14, routing=['s5', 's4'], process_times=[0.781 0.746], arrival_time=8.163, due_date=16.539, PST=15.01157388837935)
2024-08-26 22:20:41,204 - INFO  - Create Job(id=15, routing=['s1', 's3'], process_times=[1.055 0.929], arrival_time=8.623, due_date=19.087, PST=17.1022387109332)
2024-08-26 22:20:41,206 - INFO  - Create Job(id=16, routing=['s1', 's2', 's3', 's5'], process_times=[0.104 0.946 0.373 1.898], arrival_time=8.719, due_date=18.746, PST=15.424374412138736)
2024-08-26 22:20:41,206 - INFO  - Create Job(id=17, routing=['s1', 's5'], process_times=[0.691 2.143], arrival_time=9.190, due_date=18.329, PST=15.494274850587122)
2024-08-26 22:20:41,206 - INFO  - Create Job(id=18, routing=['s3', 's2'], process_times=[0.716 0.854], arrival_time=10.664, due_date=21.670, PST=20.09917617998216)
2024-08-26 22:20:41,206 - INFO  - Create Job(id=19, routing=['s2', 's5', 's3', 's4', 's1'], process_times=[0.633 1.147 0.554 0.402 0.642], arrival_time=11.348, due_date=20.847, PST=17.469016686383014)
2024-08-26 22:20:41,206 - INFO  - Create Job(id=20, routing=['s3', 's5'], process_times=[0.78  0.866], arrival_time=11.586, due_date=20.946, PST=19.299001942370005)
2024-08-26 22:20:41,207 - INFO  - Create Job(id=21, routing=['s1', 's4', 's5', 's2'], process_times=[0.639 2.598 0.599 1.543], arrival_time=12.026, due_date=23.381, PST=18.002049873391147)
2024-08-26 22:20:41,207 - INFO  - Create Job(id=22, routing=['s1', 's2'], process_times=[1.929 1.636], arrival_time=13.622, due_date=24.038, PST=20.472982840920878)
2024-08-26 22:20:41,207 - INFO  - Create Job(id=23, routing=['s2', 's3'], process_times=[2.367 0.464], arrival_time=13.859, due_date=22.644, PST=19.813165249084413)
2024-08-26 22:20:41,207 - INFO  - Create Job(id=24, routing=['s5', 's1'], process_times=[1.581 0.966], arrival_time=14.010, due_date=24.913, PST=22.366189430696124)
2024-08-26 22:20:41,207 - INFO  - Create Job(id=25, routing=['s1', 's5', 's4', 's3'], process_times=[1.272 0.849 1.426 1.437], arrival_time=15.318, due_date=29.868, PST=24.884306240052638)
2024-08-26 22:20:41,207 - INFO  - Create Job(id=26, routing=['s3', 's2', 's5'], process_times=[1.629 0.812 1.03 ], arrival_time=15.382, due_date=26.743, PST=23.27345921564456)
2024-08-26 22:20:41,207 - INFO  - Create Job(id=27, routing=['s5', 's4', 's2'], process_times=[2.148 0.933 1.165], arrival_time=15.881, due_date=26.761, PST=22.51440838211618)
2024-08-26 22:20:41,208 - INFO  - Create Job(id=28, routing=['s2', 's3', 's1', 's4', 's5'], process_times=[0.692 1.888 0.742 0.584 1.3  ], arrival_time=16.086, due_date=28.487, PST=23.280681026266777)
2024-08-26 22:20:41,208 - INFO  - Create Job(id=29, routing=['s3', 's4', 's5', 's1'], process_times=[1.276 0.572 0.72  0.079], arrival_time=16.217, due_date=28.537, PST=25.8897589216515)
2024-08-26 22:20:41,208 - INFO  - Create Job(id=30, routing=['s2', 's1'], process_times=[0.615 0.492], arrival_time=17.136, due_date=23.315, PST=22.20763821544808)
2024-08-26 22:20:41,208 - INFO  - Create Job(id=31, routing=['s2', 's5', 's3'], process_times=[0.195 2.665 0.919], arrival_time=17.411, due_date=28.513, PST=24.73451329336228)
2024-08-26 22:20:41,209 - INFO  - Create Job(id=32, routing=['s3', 's1'], process_times=[1.096 1.506], arrival_time=17.862, due_date=28.161, PST=25.558539936608398)
2024-08-26 22:20:41,209 - INFO  - Create Job(id=33, routing=['s1', 's2'], process_times=[1.422 0.869], arrival_time=18.180, due_date=28.688, PST=26.396456635380943)
2024-08-26 22:20:41,209 - INFO  - Create Job(id=34, routing=['s2', 's1'], process_times=[1.019 0.974], arrival_time=18.387, due_date=26.453, PST=24.460419457538503)
2024-08-26 22:20:41,209 - INFO  - Create Job(id=35, routing=['s4', 's5', 's3'], process_times=[1.506 0.049 1.034], arrival_time=18.602, due_date=26.782, PST=24.192840083616993)
2024-08-26 22:20:41,209 - INFO  - Create Job(id=36, routing=['s5', 's4'], process_times=[1.734 0.668], arrival_time=18.959, due_date=29.204, PST=26.801490104179198)
2024-08-26 22:20:41,210 - INFO  - Create Job(id=37, routing=['s4', 's5', 's2', 's3'], process_times=[1.029 0.903 2.037 1.032], arrival_time=20.468, due_date=32.996, PST=27.99398334887092)
2024-08-26 22:20:41,210 - INFO  - Create Job(id=38, routing=['s4', 's3', 's5', 's2', 's1'], process_times=[1.624 0.592 1.921 1.279 0.263], arrival_time=20.530, due_date=34.220, PST=28.54225407677507)
2024-08-26 22:20:41,210 - INFO  - Create Job(id=39, routing=['s2', 's5', 's4', 's1', 's3'], process_times=[0.789 0.728 1.731 2.441 4.   ], arrival_time=21.285, due_date=40.159, PST=30.469690505359083)
2024-08-26 22:20:41,210 - INFO  - Create Job(id=40, routing=['s1', 's4'], process_times=[1.466 0.65 ], arrival_time=21.340, due_date=28.881, PST=26.764041694974217)
2024-08-26 22:20:41,210 - INFO  - Create Job(id=u1, routing=['s4', 's3', 's2', 's1'], process_times=[0.751 1.52  0.686 0.826], arrival_time=0.185, due_date=10.619, PST=6.836579234012434)
2024-08-26 22:20:41,211 - INFO  - Create Job(id=u2, routing=['s5', 's2', 's4'], process_times=[0.379 0.553 0.749], arrival_time=0.753, due_date=12.244, PST=10.56353817891711)
2024-08-26 22:20:41,211 - INFO  - Create Job(id=u3, routing=['s3', 's2', 's5', 's1'], process_times=[0.782 0.481 0.832 3.199], arrival_time=2.382, due_date=13.941, PST=8.647175029138833)
2024-08-26 22:20:41,211 - INFO  - Create Job(id=u4, routing=['s3', 's5', 's2', 's1'], process_times=[0.935 1.752 0.326 0.659], arrival_time=4.329, due_date=17.453, PST=13.780132520445092)
2024-08-26 22:20:41,211 - INFO  - Create Job(id=u5, routing=['s5', 's3', 's2', 's1', 's4'], process_times=[0.671 0.548 0.147 0.319 0.488], arrival_time=4.927, due_date=13.454, PST=11.281880600945424)
2024-08-26 22:20:41,212 - INFO  - Create Job(id=u6, routing=['s4', 's5'], process_times=[1.527 0.478], arrival_time=6.283, due_date=16.047, PST=14.041180767952977)
2024-08-26 22:20:41,212 - INFO  - Create Job(id=u7, routing=['s3', 's4'], process_times=[2.633 0.321], arrival_time=8.554, due_date=20.718, PST=17.764239164146794)
2024-08-26 22:20:41,212 - INFO  - Create Job(id=u8, routing=['s4', 's3'], process_times=[0.111 0.595], arrival_time=9.049, due_date=18.505, PST=17.798473120167543)
2024-08-26 22:20:41,212 - INFO  - Create Job(id=u9, routing=['s2', 's4', 's1', 's3'], process_times=[1.517 2.487 0.608 0.429], arrival_time=9.771, due_date=22.903, PST=17.86132211649143)
2024-08-26 22:20:41,212 - INFO  - Create Job(id=u10, routing=['s1', 's3', 's4', 's5', 's2'], process_times=[1.786 0.625 1.028 0.416 1.115], arrival_time=10.398, due_date=23.889, PST=18.918602285353387)
2024-08-26 22:20:41,213 - INFO  - 0.00: Start LUMS COR order release control
2024-08-26 22:20:41,222 - INFO  - 4.00: New round of Periodic Order Release: there remains 0 jobs.
2024-08-26 22:20:41,234 - INFO  - 8.00: New round of Periodic Order Release: there remains 2 jobs.
2024-08-26 22:20:41,234 - INFO  - 8.00: Periodic release: Checking job 10, routing info: ['s2', 's5']
2024-08-26 22:20:41,234 - INFO  - 8.00: Current workload: {'s1-1': 1.04, 's2-1': 0.147, 's2-2': 0.381, 's3-1': 1.124, 's3-2': 0.0, 's4-1': 1.527, 's5-1': 4.539, 's5-2': 3.697}
2024-08-26 22:20:41,236 - INFO  - 8.00: Periodic release: Checking job 11, routing info: ['s1', 's3', 's2', 's5', 's4']
2024-08-26 22:20:41,236 - INFO  - 8.00: Current workload: {'s1-1': 1.04, 's2-1': 1.23, 's2-2': 0.381, 's3-1': 1.124, 's3-2': 0.0, 's4-1': 1.527, 's5-1': 4.539, 's5-2': 3.697}
2024-08-26 22:20:41,250 - INFO  - 12.00: New round of Periodic Order Release: there remains 9 jobs.
2024-08-26 22:20:41,250 - INFO  - 12.00: Periodic release: Checking job u10, routing info: ['s1', 's3', 's4', 's5', 's2']
2024-08-26 22:20:41,250 - INFO  - 12.00: Current workload: {'s1-1': 0.517, 's2-1': 0.549, 's2-2': 0.0, 's3-1': 2.633, 's3-2': 0.958, 's4-1': 2.487, 's5-1': 1.752, 's5-2': 1.213}
2024-08-26 22:20:41,251 - INFO  - 12.00: Periodic release: Checking job 12, routing info: ['s5', 's4']
2024-08-26 22:20:41,251 - INFO  - 12.00: Current workload: {'s1-1': 2.303, 's2-1': 0.549, 's2-2': 0.0, 's3-1': 2.633, 's3-2': 0.958, 's4-1': 2.487, 's5-1': 1.752, 's5-2': 1.213}
2024-08-26 22:20:41,251 - INFO  - 12.00: Periodic release: Checking job 14, routing info: ['s5', 's4']
2024-08-26 22:20:41,251 - INFO  - 12.00: Current workload: {'s1-1': 2.303, 's2-1': 0.549, 's2-2': 0.0, 's3-1': 2.633, 's3-2': 0.958, 's4-1': 2.487, 's5-1': 1.752, 's5-2': 1.476}
2024-08-26 22:20:41,251 - INFO  - 12.00: Periodic release: Checking job 15, routing info: ['s1', 's3']
2024-08-26 22:20:41,252 - INFO  - 12.00: Current workload: {'s1-1': 2.303, 's2-1': 0.549, 's2-2': 0.0, 's3-1': 2.633, 's3-2': 0.958, 's4-1': 2.487, 's5-1': 1.752, 's5-2': 2.257}
2024-08-26 22:20:41,252 - INFO  - 12.00: Periodic release: Checking job 16, routing info: ['s1', 's2', 's3', 's5']
2024-08-26 22:20:41,252 - INFO  - 12.00: Current workload: {'s1-1': 3.358, 's2-1': 0.549, 's2-2': 0.0, 's3-1': 2.633, 's3-2': 0.958, 's4-1': 2.487, 's5-1': 1.752, 's5-2': 2.257}
2024-08-26 22:20:41,252 - INFO  - 12.00: Periodic release: Checking job 17, routing info: ['s1', 's5']
2024-08-26 22:20:41,252 - INFO  - 12.00: Current workload: {'s1-1': 3.462, 's2-1': 0.549, 's2-2': 0.0, 's3-1': 2.633, 's3-2': 0.958, 's4-1': 2.487, 's5-1': 1.752, 's5-2': 2.257}
2024-08-26 22:20:41,253 - INFO  - 12.00: Periodic release: Checking job 18, routing info: ['s3', 's2']
2024-08-26 22:20:41,253 - INFO  - 12.00: Current workload: {'s1-1': 4.154, 's2-1': 0.549, 's2-2': 0.0, 's3-1': 2.633, 's3-2': 0.958, 's4-1': 2.487, 's5-1': 1.752, 's5-2': 2.257}
2024-08-26 22:20:41,253 - INFO  - 12.00: Periodic release: Checking job 19, routing info: ['s2', 's5', 's3', 's4', 's1']
2024-08-26 22:20:41,253 - INFO  - 12.00: Current workload: {'s1-1': 4.154, 's2-1': 0.549, 's2-2': 0.0, 's3-1': 2.633, 's3-2': 1.674, 's4-1': 2.487, 's5-1': 1.752, 's5-2': 2.257}
2024-08-26 22:20:41,253 - INFO  - 12.00: Periodic release: Checking job 20, routing info: ['s3', 's5']
2024-08-26 22:20:41,253 - INFO  - 12.00: Current workload: {'s1-1': 4.154, 's2-1': 0.549, 's2-2': 0.633, 's3-1': 2.633, 's3-2': 1.674, 's4-1': 2.487, 's5-1': 1.752, 's5-2': 2.257}
2024-08-26 22:20:41,271 - INFO  - 16.00: New round of Periodic Order Release: there remains 4 jobs.
2024-08-26 22:20:41,271 - INFO  - 16.00: Periodic release: Checking job 21, routing info: ['s1', 's4', 's5', 's2']
2024-08-26 22:20:41,272 - INFO  - 16.00: Current workload: {'s1-1': 4.108, 's2-1': 2.367, 's2-2': 3.099, 's3-1': 1.629, 's3-2': 0.373, 's4-1': 0.402, 's5-1': 3.01, 's5-2': 1.581}
2024-08-26 22:20:41,272 - INFO  - 16.00: Periodic release: Checking job 22, routing info: ['s1', 's2']
2024-08-26 22:20:41,272 - INFO  - 16.00: Current workload: {'s1-1': 4.747, 's2-1': 2.367, 's2-2': 3.099, 's3-1': 1.629, 's3-2': 0.373, 's4-1': 0.402, 's5-1': 3.01, 's5-2': 1.581}
2024-08-26 22:20:41,272 - INFO  - 16.00: Exceeding the normal load! job 22 cannot be released to the station s1-1
2024-08-26 22:20:41,272 - INFO  - 16.00: Periodic release: Checking job 25, routing info: ['s1', 's5', 's4', 's3']
2024-08-26 22:20:41,272 - INFO  - 16.00: Current workload: {'s1-1': 4.747, 's2-1': 2.367, 's2-2': 3.099, 's3-1': 1.629, 's3-2': 0.373, 's4-1': 0.402, 's5-1': 3.01, 's5-2': 1.581}
2024-08-26 22:20:41,272 - INFO  - 16.00: Exceeding the normal load! job 25 cannot be released to the station s1-1
2024-08-26 22:20:41,272 - INFO  - 16.00: Periodic release: Checking job 27, routing info: ['s5', 's4', 's2']
2024-08-26 22:20:41,272 - INFO  - 16.00: Current workload: {'s1-1': 4.747, 's2-1': 2.367, 's2-2': 3.099, 's3-1': 1.629, 's3-2': 0.373, 's4-1': 0.402, 's5-1': 3.01, 's5-2': 1.581}
2024-08-26 22:20:41,286 - INFO  - 20.00: New round of Periodic Order Release: there remains 5 jobs.
2024-08-26 22:20:41,286 - INFO  - 20.00: Periodic release: Checking job 22, routing info: ['s1', 's2']
2024-08-26 22:20:41,286 - INFO  - 20.00: Current workload: {'s1-1': 3.931, 's2-1': 0.812, 's2-2': 0.195, 's3-1': 2.985, 's3-2': 1.901, 's4-1': 3.593, 's5-1': 1.734, 's5-2': 0.0}
2024-08-26 22:20:41,286 - INFO  - 20.00: Exceeding the normal load! job 22 cannot be released to the station s1-1
2024-08-26 22:20:41,287 - INFO  - 20.00: Periodic release: Checking job 25, routing info: ['s1', 's5', 's4', 's3']
2024-08-26 22:20:41,287 - INFO  - 20.00: Current workload: {'s1-1': 3.931, 's2-1': 0.812, 's2-2': 0.195, 's3-1': 2.985, 's3-2': 1.901, 's4-1': 3.593, 's5-1': 1.734, 's5-2': 0.0}
2024-08-26 22:20:41,287 - INFO  - 20.00: Exceeding the normal load! job 25 cannot be released to the station s1-1
2024-08-26 22:20:41,287 - INFO  - 20.00: Periodic release: Checking job 33, routing info: ['s1', 's2']
2024-08-26 22:20:41,287 - INFO  - 20.00: Current workload: {'s1-1': 3.931, 's2-1': 0.812, 's2-2': 0.195, 's3-1': 2.985, 's3-2': 1.901, 's4-1': 3.593, 's5-1': 1.734, 's5-2': 0.0}
2024-08-26 22:20:41,287 - INFO  - 20.00: Exceeding the normal load! job 33 cannot be released to the station s1-1
2024-08-26 22:20:41,287 - INFO  - 20.00: Periodic release: Checking job 34, routing info: ['s2', 's1']
2024-08-26 22:20:41,287 - INFO  - 20.00: Current workload: {'s1-1': 3.931, 's2-1': 0.812, 's2-2': 0.195, 's3-1': 2.985, 's3-2': 1.901, 's4-1': 3.593, 's5-1': 1.734, 's5-2': 0.0}
2024-08-26 22:20:41,288 - INFO  - 20.00: Periodic release: Checking job 35, routing info: ['s4', 's5', 's3']
2024-08-26 22:20:41,288 - INFO  - 20.00: Current workload: {'s1-1': 3.931, 's2-1': 0.812, 's2-2': 1.214, 's3-1': 2.985, 's3-2': 1.901, 's4-1': 3.593, 's5-1': 1.734, 's5-2': 0.0}
2024-08-26 22:20:41,288 - INFO  - 20.00: Exceeding the normal load! job 35 cannot be released to the station s4-1
2024-08-26 22:20:41,301 - INFO  - 24.00: New round of Periodic Order Release: there remains 7 jobs.
2024-08-26 22:20:41,301 - INFO  - 24.00: Periodic release: Checking job 22, routing info: ['s1', 's2']
2024-08-26 22:20:41,301 - INFO  - 24.00: Current workload: {'s1-1': 3.222, 's2-1': 1.543, 's2-2': 1.115, 's3-1': 0.0, 's3-2': 0.0, 's4-1': 2.172, 's5-1': 0.0, 's5-2': 3.393}
2024-08-26 22:20:41,301 - INFO  - 24.00: Exceeding the normal load! job 22 cannot be released to the station s1-1
2024-08-26 22:20:41,301 - INFO  - 24.00: Periodic release: Checking job 25, routing info: ['s1', 's5', 's4', 's3']
2024-08-26 22:20:41,301 - INFO  - 24.00: Current workload: {'s1-1': 3.222, 's2-1': 1.543, 's2-2': 1.115, 's3-1': 0.0, 's3-2': 0.0, 's4-1': 2.172, 's5-1': 0.0, 's5-2': 3.393}
2024-08-26 22:20:41,302 - INFO  - 24.00: Periodic release: Checking job 33, routing info: ['s1', 's2']
2024-08-26 22:20:41,302 - INFO  - 24.00: Current workload: {'s1-1': 4.494, 's2-1': 1.543, 's2-2': 1.115, 's3-1': 0.0, 's3-2': 0.0, 's4-1': 2.172, 's5-1': 0.0, 's5-2': 3.393}
2024-08-26 22:20:41,302 - INFO  - 24.00: Exceeding the normal load! job 33 cannot be released to the station s1-1
2024-08-26 22:20:41,302 - INFO  - 24.00: Periodic release: Checking job 35, routing info: ['s4', 's5', 's3']
2024-08-26 22:20:41,302 - INFO  - 24.00: Current workload: {'s1-1': 4.494, 's2-1': 1.543, 's2-2': 1.115, 's3-1': 0.0, 's3-2': 0.0, 's4-1': 2.172, 's5-1': 0.0, 's5-2': 3.393}
2024-08-26 22:20:41,302 - INFO  - 24.00: Periodic release: Checking job 37, routing info: ['s4', 's5', 's2', 's3']
2024-08-26 22:20:41,303 - INFO  - 24.00: Current workload: {'s1-1': 4.494, 's2-1': 1.543, 's2-2': 1.115, 's3-1': 0.0, 's3-2': 0.0, 's4-1': 3.678, 's5-1': 0.0, 's5-2': 3.393}
2024-08-26 22:20:41,303 - INFO  - 24.00: Periodic release: Checking job 38, routing info: ['s4', 's3', 's5', 's2', 's1']
2024-08-26 22:20:41,303 - INFO  - 24.00: Current workload: {'s1-1': 4.494, 's2-1': 1.543, 's2-2': 1.115, 's3-1': 0.0, 's3-2': 0.0, 's4-1': 4.707, 's5-1': 0.0, 's5-2': 3.393}
2024-08-26 22:20:41,303 - INFO  - 24.00: Exceeding the normal load! job 38 cannot be released to the station s4-1
2024-08-26 22:20:41,303 - INFO  - 24.00: Periodic release: Checking job 40, routing info: ['s1', 's4']
2024-08-26 22:20:41,303 - INFO  - 24.00: Current workload: {'s1-1': 4.494, 's2-1': 1.543, 's2-2': 1.115, 's3-1': 0.0, 's3-2': 0.0, 's4-1': 4.707, 's5-1': 0.0, 's5-2': 3.393}
2024-08-26 22:20:41,303 - INFO  - 24.00: Exceeding the normal load! job 40 cannot be released to the station s1-1
2024-08-26 22:20:41,313 - INFO  - 28.00: New round of Periodic Order Release: there remains 4 jobs.
2024-08-26 22:20:41,313 - INFO  - 28.00: Periodic release: Checking job 22, routing info: ['s1', 's2']
2024-08-26 22:20:41,313 - INFO  - 28.00: Current workload: {'s1-1': 1.585, 's2-1': 0.0, 's2-2': 0.0, 's3-1': 0.0, 's3-2': 0.919, 's4-1': 2.093, 's5-1': 2.203, 's5-2': 0.728}
2024-08-26 22:20:41,313 - INFO  - 28.00: Periodic release: Checking job 33, routing info: ['s1', 's2']
2024-08-26 22:20:41,313 - INFO  - 28.00: Current workload: {'s1-1': 3.514, 's2-1': 0.0, 's2-2': 0.0, 's3-1': 0.0, 's3-2': 0.919, 's4-1': 2.093, 's5-1': 2.203, 's5-2': 0.728}
2024-08-26 22:20:41,314 - INFO  - 28.00: Periodic release: Checking job 38, routing info: ['s4', 's3', 's5', 's2', 's1']
2024-08-26 22:20:41,314 - INFO  - 28.00: Current workload: {'s1-1': 4.936, 's2-1': 0.0, 's2-2': 0.0, 's3-1': 0.0, 's3-2': 0.919, 's4-1': 2.093, 's5-1': 2.203, 's5-2': 0.728}
2024-08-26 22:20:41,314 - INFO  - 28.00: Periodic release: Checking job 40, routing info: ['s1', 's4']
2024-08-26 22:20:41,314 - INFO  - 28.00: Current workload: {'s1-1': 4.936, 's2-1': 0.0, 's2-2': 0.0, 's3-1': 0.0, 's3-2': 0.919, 's4-1': 3.717, 's5-1': 2.203, 's5-2': 0.728}
2024-08-26 22:20:41,314 - INFO  - 28.00: Exceeding the normal load! job 40 cannot be released to the station s1-1
2024-08-26 22:20:41,323 - INFO  - 32.00: New round of Periodic Order Release: there remains 0 jobs.
2024-08-26 22:20:41,329 - INFO  - 36.00: New round of Periodic Order Release: there remains 0 jobs.
2024-08-26 22:20:41,332 - INFO  - 40.00: New round of Periodic Order Release: there remains 0 jobs.
2024-08-26 22:20:41,335 - INFO  - 44.00: New round of Periodic Order Release: there remains 0 jobs.
2024-08-26 22:20:41,338 - INFO  - 48.00: New round of Periodic Order Release: there remains 0 jobs.
2024-08-26 22:20:41,341 - INFO  - Simulation finished
2024-08-26 22:20:41,341 - INFO  - warehouse output-warehouse has 50 items: 
2024-08-26 22:20:41,341 - INFO  - Job(id=2, arrival_time=0.262, finish_time=4.358, total_process_time=1.557, due_date=8.650, overdue=-4.292)
2024-08-26 22:20:41,343 - INFO  - Job(id=u2, arrival_time=0.753, finish_time=5.108, total_process_time=1.680, due_date=12.244, overdue=-7.135)
2024-08-26 22:20:41,343 - INFO  - Job(id=4, arrival_time=2.569, finish_time=6.252, total_process_time=2.079, due_date=11.603, overdue=-5.351)
2024-08-26 22:20:41,343 - INFO  - Job(id=1, arrival_time=0.038, finish_time=6.479, total_process_time=2.672, due_date=11.320, overdue=-4.841)
2024-08-26 22:20:41,343 - INFO  - Job(id=u1, arrival_time=0.185, finish_time=7.305, total_process_time=3.782, due_date=10.619, overdue=-3.314)
2024-08-26 22:20:41,343 - INFO  - Job(id=7, arrival_time=6.069, finish_time=10.051, total_process_time=1.978, due_date=16.303, overdue=-6.252)
2024-08-26 22:20:41,343 - INFO  - Job(id=u5, arrival_time=4.927, finish_time=10.124, total_process_time=2.172, due_date=13.454, overdue=-3.331)
2024-08-26 22:20:41,343 - INFO  - Job(id=3, arrival_time=2.446, finish_time=10.494, total_process_time=2.554, due_date=14.042, overdue=-3.548)
2024-08-26 22:20:41,343 - INFO  - Job(id=u6, arrival_time=6.283, finish_time=10.529, total_process_time=2.006, due_date=16.047, overdue=-5.517)
2024-08-26 22:20:41,344 - INFO  - Job(id=5, arrival_time=4.262, finish_time=10.761, total_process_time=2.025, due_date=14.924, overdue=-4.163)
2024-08-26 22:20:41,344 - INFO  - Job(id=10, arrival_time=7.276, finish_time=11.767, total_process_time=2.320, due_date=16.879, overdue=-5.112)
2024-08-26 22:20:41,344 - INFO  - Job(id=u3, arrival_time=2.382, finish_time=11.863, total_process_time=5.294, due_date=13.941, overdue=-2.079)
2024-08-26 22:20:41,344 - INFO  - Job(id=u8, arrival_time=9.049, finish_time=12.630, total_process_time=0.706, due_date=18.505, overdue=-5.874)
2024-08-26 22:20:41,344 - INFO  - Job(id=6, arrival_time=4.379, finish_time=12.997, total_process_time=4.932, due_date=14.390, overdue=-1.393)
2024-08-26 22:20:41,344 - INFO  - Job(id=13, arrival_time=8.109, finish_time=14.308, total_process_time=1.529, due_date=16.031, overdue=-1.723)
2024-08-26 22:20:41,344 - INFO  - Job(id=12, arrival_time=8.074, finish_time=14.926, total_process_time=0.764, due_date=14.163, overdue=0.763)
2024-08-26 22:20:41,344 - INFO  - Job(id=9, arrival_time=7.204, finish_time=15.647, total_process_time=2.998, due_date=17.901, overdue=-2.253)
2024-08-26 22:20:41,344 - INFO  - Job(id=14, arrival_time=8.163, finish_time=15.672, total_process_time=1.527, due_date=16.539, overdue=-0.866)
2024-08-26 22:20:41,345 - INFO  - Job(id=u7, arrival_time=8.554, finish_time=15.993, total_process_time=2.954, due_date=20.718, overdue=-4.725)
2024-08-26 22:20:41,345 - INFO  - Job(id=u4, arrival_time=4.329, finish_time=16.306, total_process_time=3.672, due_date=17.453, overdue=-1.147)
2024-08-26 22:20:41,345 - INFO  - Job(id=17, arrival_time=9.190, finish_time=16.803, total_process_time=2.834, due_date=18.329, overdue=-1.526)
2024-08-26 22:20:41,345 - INFO  - Job(id=18, arrival_time=10.664, finish_time=18.353, total_process_time=1.570, due_date=21.670, overdue=-3.317)
2024-08-26 22:20:41,345 - INFO  - Job(id=23, arrival_time=13.859, finish_time=18.522, total_process_time=2.831, due_date=22.644, overdue=-4.122)
2024-08-26 22:20:41,345 - INFO  - Job(id=16, arrival_time=8.719, finish_time=18.701, total_process_time=3.321, due_date=18.746, overdue=-0.045)
2024-08-26 22:20:41,346 - INFO  - Job(id=15, arrival_time=8.623, finish_time=19.085, total_process_time=1.984, due_date=19.087, overdue=-0.002)
2024-08-26 22:20:41,346 - INFO  - Job(id=20, arrival_time=11.586, finish_time=19.567, total_process_time=1.647, due_date=20.946, overdue=-1.378)
2024-08-26 22:20:41,346 - INFO  - Job(id=8, arrival_time=6.603, finish_time=21.008, total_process_time=4.391, due_date=19.849, overdue=1.160)
2024-08-26 22:20:41,346 - INFO  - Job(id=19, arrival_time=11.348, finish_time=21.651, total_process_time=3.378, due_date=20.847, overdue=0.804)
2024-08-26 22:20:41,346 - INFO  - Job(id=26, arrival_time=15.382, finish_time=21.960, total_process_time=3.470, due_date=26.743, overdue=-4.783)
2024-08-26 22:20:41,347 - INFO  - Job(id=11, arrival_time=7.739, finish_time=22.334, total_process_time=4.842, due_date=19.668, overdue=2.666)
2024-08-26 22:20:41,347 - INFO  - Job(id=30, arrival_time=17.136, finish_time=22.751, total_process_time=1.107, due_date=23.315, overdue=-0.564)
2024-08-26 22:20:41,347 - INFO  - Job(id=u9, arrival_time=9.771, finish_time=23.416, total_process_time=5.042, due_date=22.903, overdue=0.512)
2024-08-26 22:20:41,348 - INFO  - Job(id=24, arrival_time=14.010, finish_time=23.717, total_process_time=2.547, due_date=24.913, overdue=-1.196)
2024-08-26 22:20:41,348 - INFO  - Job(id=34, arrival_time=18.387, finish_time=24.691, total_process_time=1.993, due_date=26.453, overdue=-1.762)
2024-08-26 22:20:41,348 - INFO  - Job(id=u10, arrival_time=10.398, finish_time=25.297, total_process_time=4.971, due_date=23.889, overdue=1.408)
2024-08-26 22:20:41,348 - INFO  - Job(id=21, arrival_time=12.026, finish_time=25.780, total_process_time=5.379, due_date=23.381, overdue=2.399)
2024-08-26 22:20:41,348 - INFO  - Job(id=27, arrival_time=15.881, finish_time=26.945, total_process_time=4.246, due_date=26.761, overdue=0.185)
2024-08-26 22:20:41,349 - INFO  - Job(id=35, arrival_time=18.602, finish_time=27.541, total_process_time=2.589, due_date=26.782, overdue=0.759)
2024-08-26 22:20:41,349 - INFO  - Job(id=32, arrival_time=17.862, finish_time=28.211, total_process_time=2.602, due_date=28.161, overdue=0.050)
2024-08-26 22:20:41,349 - INFO  - Job(id=31, arrival_time=17.411, finish_time=28.334, total_process_time=3.778, due_date=28.513, overdue=-0.179)
2024-08-26 22:20:41,350 - INFO  - Job(id=28, arrival_time=16.086, finish_time=29.499, total_process_time=5.207, due_date=28.487, overdue=1.012)
2024-08-26 22:20:41,350 - INFO  - Job(id=36, arrival_time=18.959, finish_time=30.079, total_process_time=2.402, due_date=29.204, overdue=0.875)
2024-08-26 22:20:41,350 - INFO  - Job(id=25, arrival_time=15.318, finish_time=30.978, total_process_time=4.983, due_date=29.868, overdue=1.110)
2024-08-26 22:20:41,350 - INFO  - Job(id=29, arrival_time=16.217, finish_time=31.642, total_process_time=2.647, due_date=28.537, overdue=3.105)
2024-08-26 22:20:41,350 - INFO  - Job(id=22, arrival_time=13.622, finish_time=32.582, total_process_time=3.565, due_date=24.038, overdue=8.543)
2024-08-26 22:20:41,352 - INFO  - Job(id=33, arrival_time=18.180, finish_time=33.451, total_process_time=2.291, due_date=28.688, overdue=4.763)
2024-08-26 22:20:41,352 - INFO  - Job(id=37, arrival_time=20.468, finish_time=34.602, total_process_time=5.002, due_date=32.996, overdue=1.606)
2024-08-26 22:20:41,352 - INFO  - Job(id=40, arrival_time=21.340, finish_time=35.084, total_process_time=2.116, due_date=28.881, overdue=6.203)
2024-08-26 22:20:41,352 - INFO  - Job(id=38, arrival_time=20.530, finish_time=37.812, total_process_time=5.678, due_date=34.220, overdue=3.591)
2024-08-26 22:20:41,352 - INFO  - Job(id=39, arrival_time=21.285, finish_time=41.334, total_process_time=9.689, due_date=40.159, overdue=1.175)
2024-08-26 22:20:41,352 - INFO  - total overdue jobs: 20, total overdue urgent jobs: 2, total overdue time: 42.691
